<?xml version="1.0" encoding="UTF-8"?>
<!-- Generated by org.testng.reporters.JUnitXMLReporter -->
<testsuite ignored="0" hostname="DESKTOP-T0O76BR" failures="0" tests="11" name="Default test" time="265.947" errors="0" timestamp="2024-02-08T21:54:22 IST">
  <testcase classname="project_test.Midac_test" name="home" time="42.383"/>
  <testcase classname="project_test.Midac_test" name="getappointment" time="16.269"/>
  <testcase classname="project_test.Midac_test" name="career" time="14.707"/>
  <testcase classname="project_test.Midac_test" name="aboutus" time="11.712"/>
  <testcase classname="project_test.Midac_test" name="hospitaltour" time="12.479"/>
  <testcase classname="project_test.Midac_test" name="department" time="13.639"/>
  <testcase classname="project_test.Midac_test" name="DrandGallery" time="46.684"/>
  <testcase classname="project_test.Midac_test" name="treatment" time="21.914"/>
  <testcase classname="project_test.Midac_test" name="patients" time="28.647"/>
  <testcase classname="project_test.Midac_test" name="econsult" time="8.372"/>
  <testcase classname="project_test.Midac_test" name="contactus" time="19.995"/>
</testsuite> <!-- Default test -->
